<?xml version="1.0" encoding="UTF-8"?>
<!-- Generated by org.testng.reporters.JUnitReportReporter -->
<testsuite hostname="ojt11-PC" name="DriverFactory.DataDrivenFramWork" tests="1" failures="0" timestamp="21 Dec 2019 05:17:59 GMT" time="0.008" errors="1">
  <testcase name="supplierCre" time="0.008" classname="DriverFactory.DataDrivenFramWork">
    <error type="org.openqa.selenium.SessionNotCreatedException" message="session not created: This version of ChromeDriver only supports Chrome version 77
Build info: version: &#039;3.14.0&#039;, revision: &#039;aacccce0&#039;, time: &#039;2018-08-02T20:13:22.693Z&#039;
System info: host: &#039;OJT11-PC&#039;, ip: &#039;10.0.0.111&#039;, os.name: &#039;Windows 7&#039;, os.arch: &#039;amd64&#039;, os.version: &#039;6.1&#039;, java.version: &#039;1.8.0_121&#039;
Driver info: driver.version: ChromeDriver
remote stacktrace: Backtrace:
	Ordinal0 [0x0154EB13+1501971]
	Ordinal0 [0x014CF6D1+980689]
	Ordinal0 [0x0145765F+489055]
	Ordinal0 [0x013EF2F4+62196]
	Ordinal0 [0x013EBCDA+48346]
	Ordinal0 [0x01409800+169984]
	Ordinal0 [0x0140942D+169005]
	Ordinal0 [0x014078EB+162027]
	Ordinal0 [0x013F0AC7+68295]
	Ordinal0 [0x013F1B40+72512]
	Ordinal0 [0x013F1AD9+72409]
	Ordinal0 [0x014E8F37+1085239]
	GetHandleVerifier [0x015ED7ED+503293]
	GetHandleVerifier [0x015ED580+502672]
	GetHandleVerifier [0x015F46AC+531644]
	GetHandleVerifier [0x015EDFFA+505354]
	Ordinal0 [0x014E0606+1050118]
	Ordinal0 [0x014E047F+1049727]
	Ordinal0 [0x014EAF9B+1093531]
	Ordinal0 [0x014EB103+1093891]
	Ordinal0 [0x014EA095+1089685]
	BaseThreadInitThunk [0x759833CA+18]
	RtlInitializeExceptionChain [0x77DE9ED2+99]
	RtlInitializeExceptionChain [0x77DE9EA5+54]
">
      <![CDATA[org.openqa.selenium.SessionNotCreatedException: session not created: This version of ChromeDriver only supports Chrome version 77
Build info: version: '3.14.0', revision: 'aacccce0', time: '2018-08-02T20:13:22.693Z'
System info: host: 'OJT11-PC', ip: '10.0.0.111', os.name: 'Windows 7', os.arch: 'amd64', os.version: '6.1', java.version: '1.8.0_121'
Driver info: driver.version: ChromeDriver
remote stacktrace: Backtrace:
	Ordinal0 [0x0154EB13+1501971]
	Ordinal0 [0x014CF6D1+980689]
	Ordinal0 [0x0145765F+489055]
	Ordinal0 [0x013EF2F4+62196]
	Ordinal0 [0x013EBCDA+48346]
	Ordinal0 [0x01409800+169984]
	Ordinal0 [0x0140942D+169005]
	Ordinal0 [0x014078EB+162027]
	Ordinal0 [0x013F0AC7+68295]
	Ordinal0 [0x013F1B40+72512]
	Ordinal0 [0x013F1AD9+72409]
	Ordinal0 [0x014E8F37+1085239]
	GetHandleVerifier [0x015ED7ED+503293]
	GetHandleVerifier [0x015ED580+502672]
	GetHandleVerifier [0x015F46AC+531644]
	GetHandleVerifier [0x015EDFFA+505354]
	Ordinal0 [0x014E0606+1050118]
	Ordinal0 [0x014E047F+1049727]
	Ordinal0 [0x014EAF9B+1093531]
	Ordinal0 [0x014EB103+1093891]
	Ordinal0 [0x014EA095+1089685]
	BaseThreadInitThunk [0x759833CA+18]
	RtlInitializeExceptionChain [0x77DE9ED2+99]
	RtlInitializeExceptionChain [0x77DE9EA5+54]

	at sun.reflect.NativeConstructorAccessorImpl.newInstance0(Native Method)
	at sun.reflect.NativeConstructorAccessorImpl.newInstance(NativeConstructorAccessorImpl.java:62)
	at sun.reflect.DelegatingConstructorAccessorImpl.newInstance(DelegatingConstructorAccessorImpl.java:45)
	at java.lang.reflect.Constructor.newInstance(Constructor.java:423)
	at org.openqa.selenium.remote.W3CHandshakeResponse.lambda$new$0(W3CHandshakeResponse.java:57)
	at org.openqa.selenium.remote.W3CHandshakeResponse.lambda$getResponseFunction$2(W3CHandshakeResponse.java:104)
	at org.openqa.selenium.remote.ProtocolHandshake.lambda$createSession$0(ProtocolHandshake.java:122)
	at java.util.stream.ReferencePipeline$3$1.accept(ReferencePipeline.java:193)
	at java.util.Spliterators$ArraySpliterator.tryAdvance(Spliterators.java:958)
	at java.util.stream.ReferencePipeline.forEachWithCancel(ReferencePipeline.java:126)
	at java.util.stream.AbstractPipeline.copyIntoWithCancel(AbstractPipeline.java:498)
	at java.util.stream.AbstractPipeline.copyInto(AbstractPipeline.java:485)
	at java.util.stream.AbstractPipeline.wrapAndCopyInto(AbstractPipeline.java:471)
	at java.util.stream.FindOps$FindOp.evaluateSequential(FindOps.java:152)
	at java.util.stream.AbstractPipeline.evaluate(AbstractPipeline.java:234)
	at java.util.stream.ReferencePipeline.findFirst(ReferencePipeline.java:464)
	at org.openqa.selenium.remote.ProtocolHandshake.createSession(ProtocolHandshake.java:125)
	at org.openqa.selenium.remote.ProtocolHandshake.createSession(ProtocolHandshake.java:73)
	at org.openqa.selenium.remote.HttpCommandExecutor.execute(HttpCommandExecutor.java:136)
	at org.openqa.selenium.remote.service.DriverCommandExecutor.execute(DriverCommandExecutor.java:83)
	at org.openqa.selenium.remote.RemoteWebDriver.execute(RemoteWebDriver.java:548)
	at org.openqa.selenium.remote.RemoteWebDriver.startSession(RemoteWebDriver.java:212)
	at org.openqa.selenium.remote.RemoteWebDriver.<init>(RemoteWebDriver.java:130)
	at org.openqa.selenium.chrome.ChromeDriver.<init>(ChromeDriver.java:181)
	at org.openqa.selenium.chrome.ChromeDriver.<init>(ChromeDriver.java:168)
	at org.openqa.selenium.chrome.ChromeDriver.<init>(ChromeDriver.java:123)
	at CommonFunLibrary.ERP_Functions.launchApp(ERP_Functions.java:16)
	at DriverFactory.DataDrivenFramWork.setup(DataDrivenFramWork.java:17)
	at sun.reflect.NativeMethodAccessorImpl.invoke0(Native Method)
	at sun.reflect.NativeMethodAccessorImpl.invoke(NativeMethodAccessorImpl.java:62)
	at sun.reflect.DelegatingMethodAccessorImpl.invoke(DelegatingMethodAccessorImpl.java:43)
	at java.lang.reflect.Method.invoke(Method.java:498)
	at org.testng.internal.MethodInvocationHelper.invokeMethod(MethodInvocationHelper.java:85)
	at org.testng.internal.Invoker.invokeConfigurationMethod(Invoker.java:510)
	at org.testng.internal.Invoker.invokeConfigurations(Invoker.java:211)
	at org.testng.internal.Invoker.invokeConfigurations(Invoker.java:138)
	at org.testng.TestRunner.beforeRun(TestRunner.java:648)
	at org.testng.TestRunner.run(TestRunner.java:616)
	at org.testng.SuiteRunner.runTest(SuiteRunner.java:359)
	at org.testng.SuiteRunner.runSequentially(SuiteRunner.java:354)
	at org.testng.SuiteRunner.privateRun(SuiteRunner.java:312)
	at org.testng.SuiteRunner.run(SuiteRunner.java:261)
	at org.testng.SuiteRunnerWorker.runSuite(SuiteRunnerWorker.java:52)
	at org.testng.SuiteRunnerWorker.run(SuiteRunnerWorker.java:86)
	at org.testng.TestNG.runSuitesSequentially(TestNG.java:1215)
	at org.testng.TestNG.runSuitesLocally(TestNG.java:1140)
	at org.testng.TestNG.run(TestNG.java:1048)
	at org.testng.remote.AbstractRemoteTestNG.run(AbstractRemoteTestNG.java:126)
	at org.testng.remote.RemoteTestNG.initAndRun(RemoteTestNG.java:137)
	at org.testng.remote.RemoteTestNG.main(RemoteTestNG.java:58)
]]>
    </error>
  </testcase> <!-- supplierCre -->
</testsuite> <!-- DriverFactory.DataDrivenFramWork -->
